2026-03-14 17:16:23 [main] INFO  com.lbb.lmps.LmpsApplication [traceId=, spanId=] - Starting LmpsApplication using Java 17.0.6 with PID 89973 (/Users/thavisoukkhounlasapiphak/Desktop/EXTERNAL_PROJECT/API_GATEWAY_LBB/source_code/backend/lmpsService/target/classes started by thavisoukkhounlasapiphak in /Users/thavisoukkhounlasapiphak/Desktop/EXTERNAL_PROJECT/API_GATEWAY_LBB/source_code/backend/lmpsService)
2026-03-14 17:16:23 [main] INFO  com.lbb.lmps.LmpsApplication [traceId=, spanId=] - The following 1 profile is active: "uat"
2026-03-14 17:16:23 [main] INFO  org.springframework.boot.web.embedded.tomcat.TomcatWebServer [traceId=, spanId=] - Tomcat initialized with port 8084 (http)
2026-03-14 17:16:23 [main] INFO  org.apache.coyote.http11.Http11NioProtocol [traceId=, spanId=] - Initializing ProtocolHandler ["http-nio-8084"]
2026-03-14 17:16:23 [main] INFO  org.apache.catalina.core.StandardService [traceId=, spanId=] - Starting service [Tomcat]
2026-03-14 17:16:23 [main] INFO  org.apache.catalina.core.StandardEngine [traceId=, spanId=] - Starting Servlet engine: [Apache Tomcat/10.1.34]
2026-03-14 17:16:23 [main] INFO  org.apache.catalina.core.ContainerBase.[Tomcat].[localhost].[/] [traceId=, spanId=] - Initializing Spring embedded WebApplicationContext
2026-03-14 17:16:23 [main] INFO  org.springframework.boot.web.servlet.context.ServletWebServerApplicationContext [traceId=, spanId=] - Root WebApplicationContext: initialization completed in 490 ms
2026-03-14 17:16:24 [main] WARN  org.springframework.boot.autoconfigure.security.servlet.UserDetailsServiceAutoConfiguration [traceId=, spanId=] - 

Using generated security password: 68d11758-6a32-408e-884d-0ea5e5ae151d

This generated password is for development use only. Your security configuration must be updated before running your application in production.

2026-03-14 17:16:24 [main] INFO  org.springframework.security.config.annotation.authentication.configuration.InitializeUserDetailsBeanManagerConfigurer$InitializeUserDetailsManagerConfigurer [traceId=, spanId=] - Global AuthenticationManager configured with UserDetailsService bean with name inMemoryUserDetailsManager
2026-03-14 17:16:24 [main] INFO  org.apache.coyote.http11.Http11NioProtocol [traceId=, spanId=] - Starting ProtocolHandler ["http-nio-8084"]
2026-03-14 17:16:24 [main] INFO  org.springframework.boot.web.embedded.tomcat.TomcatWebServer [traceId=, spanId=] - Tomcat started on port 8084 (http) with context path '/'
2026-03-14 17:16:24 [main] INFO  com.lbb.lmps.LmpsApplication [traceId=, spanId=] - Started LmpsApplication in 0.96 seconds (process running for 1.304)
2026-03-14 17:20:26 [SpringApplicationShutdownHook] INFO  org.springframework.boot.web.embedded.tomcat.GracefulShutdown [traceId=, spanId=] - Commencing graceful shutdown. Waiting for active requests to complete
2026-03-14 17:20:26 [tomcat-shutdown] INFO  org.springframework.boot.web.embedded.tomcat.GracefulShutdown [traceId=, spanId=] - Graceful shutdown complete
2026-03-14 17:20:28 [main] INFO  com.lbb.lmps.LmpsApplication [traceId=, spanId=] - Starting LmpsApplication using Java 17.0.6 with PID 90209 (/Users/thavisoukkhounlasapiphak/Desktop/EXTERNAL_PROJECT/API_GATEWAY_LBB/source_code/backend/lmpsService/target/classes started by thavisoukkhounlasapiphak in /Users/thavisoukkhounlasapiphak/Desktop/EXTERNAL_PROJECT/API_GATEWAY_LBB/source_code/backend/lmpsService)
2026-03-14 17:20:28 [main] INFO  com.lbb.lmps.LmpsApplication [traceId=, spanId=] - The following 1 profile is active: "uat"
2026-03-14 17:20:29 [main] INFO  org.springframework.boot.web.embedded.tomcat.TomcatWebServer [traceId=, spanId=] - Tomcat initialized with port 8084 (http)
2026-03-14 17:20:29 [main] INFO  org.apache.coyote.http11.Http11NioProtocol [traceId=, spanId=] - Initializing ProtocolHandler ["http-nio-8084"]
2026-03-14 17:20:29 [main] INFO  org.apache.catalina.core.StandardService [traceId=, spanId=] - Starting service [Tomcat]
2026-03-14 17:20:29 [main] INFO  org.apache.catalina.core.StandardEngine [traceId=, spanId=] - Starting Servlet engine: [Apache Tomcat/10.1.34]
2026-03-14 17:20:29 [main] INFO  org.apache.catalina.core.ContainerBase.[Tomcat].[localhost].[/] [traceId=, spanId=] - Initializing Spring embedded WebApplicationContext
2026-03-14 17:20:29 [main] INFO  org.springframework.boot.web.servlet.context.ServletWebServerApplicationContext [traceId=, spanId=] - Root WebApplicationContext: initialization completed in 495 ms
2026-03-14 17:20:29 [main] WARN  org.springframework.boot.autoconfigure.security.servlet.UserDetailsServiceAutoConfiguration [traceId=, spanId=] - 

Using generated security password: 2b04484e-4d8d-4b24-850c-f75918becec7

This generated password is for development use only. Your security configuration must be updated before running your application in production.

2026-03-14 17:20:29 [main] INFO  org.springframework.security.config.annotation.authentication.configuration.InitializeUserDetailsBeanManagerConfigurer$InitializeUserDetailsManagerConfigurer [traceId=, spanId=] - Global AuthenticationManager configured with UserDetailsService bean with name inMemoryUserDetailsManager
2026-03-14 17:20:29 [main] INFO  org.apache.coyote.http11.Http11NioProtocol [traceId=, spanId=] - Starting ProtocolHandler ["http-nio-8084"]
2026-03-14 17:20:29 [main] INFO  org.springframework.boot.web.embedded.tomcat.TomcatWebServer [traceId=, spanId=] - Tomcat started on port 8084 (http) with context path '/'
2026-03-14 17:20:29 [main] INFO  com.lbb.lmps.LmpsApplication [traceId=, spanId=] - Started LmpsApplication in 0.966 seconds (process running for 1.339)
2026-03-14 17:21:29 [SpringApplicationShutdownHook] INFO  org.springframework.boot.web.embedded.tomcat.GracefulShutdown [traceId=, spanId=] - Commencing graceful shutdown. Waiting for active requests to complete
2026-03-14 17:21:29 [tomcat-shutdown] INFO  org.springframework.boot.web.embedded.tomcat.GracefulShutdown [traceId=, spanId=] - Graceful shutdown complete
2026-03-14 17:21:31 [main] INFO  com.lbb.lmps.LmpsApplication [traceId=, spanId=] - Starting LmpsApplication using Java 17.0.6 with PID 90272 (/Users/thavisoukkhounlasapiphak/Desktop/EXTERNAL_PROJECT/API_GATEWAY_LBB/source_code/backend/lmpsService/target/classes started by thavisoukkhounlasapiphak in /Users/thavisoukkhounlasapiphak/Desktop/EXTERNAL_PROJECT/API_GATEWAY_LBB/source_code/backend/lmpsService)
2026-03-14 17:21:31 [main] INFO  com.lbb.lmps.LmpsApplication [traceId=, spanId=] - The following 1 profile is active: "uat"
2026-03-14 17:21:32 [main] INFO  org.springframework.boot.web.embedded.tomcat.TomcatWebServer [traceId=, spanId=] - Tomcat initialized with port 8084 (http)
2026-03-14 17:21:32 [main] INFO  org.apache.coyote.http11.Http11NioProtocol [traceId=, spanId=] - Initializing ProtocolHandler ["http-nio-8084"]
2026-03-14 17:21:32 [main] INFO  org.apache.catalina.core.StandardService [traceId=, spanId=] - Starting service [Tomcat]
2026-03-14 17:21:32 [main] INFO  org.apache.catalina.core.StandardEngine [traceId=, spanId=] - Starting Servlet engine: [Apache Tomcat/10.1.34]
2026-03-14 17:21:32 [main] INFO  org.apache.catalina.core.ContainerBase.[Tomcat].[localhost].[/] [traceId=, spanId=] - Initializing Spring embedded WebApplicationContext
2026-03-14 17:21:32 [main] INFO  org.springframework.boot.web.servlet.context.ServletWebServerApplicationContext [traceId=, spanId=] - Root WebApplicationContext: initialization completed in 527 ms
2026-03-14 17:21:32 [main] WARN  org.springframework.boot.autoconfigure.security.servlet.UserDetailsServiceAutoConfiguration [traceId=, spanId=] - 

Using generated security password: f6dc5eb5-43f3-4887-bacc-e6297ba16efd

This generated password is for development use only. Your security configuration must be updated before running your application in production.

2026-03-14 17:21:32 [main] INFO  org.springframework.security.config.annotation.authentication.configuration.InitializeUserDetailsBeanManagerConfigurer$InitializeUserDetailsManagerConfigurer [traceId=, spanId=] - Global AuthenticationManager configured with UserDetailsService bean with name inMemoryUserDetailsManager
2026-03-14 17:21:32 [main] INFO  org.apache.coyote.http11.Http11NioProtocol [traceId=, spanId=] - Starting ProtocolHandler ["http-nio-8084"]
2026-03-14 17:21:32 [main] INFO  org.springframework.boot.web.embedded.tomcat.TomcatWebServer [traceId=, spanId=] - Tomcat started on port 8084 (http) with context path '/'
2026-03-14 17:21:32 [main] INFO  com.lbb.lmps.LmpsApplication [traceId=, spanId=] - Started LmpsApplication in 1.02 seconds (process running for 1.387)
