2026-03-13 15:48:36 [main] INFO  com.lbb.lmps.LmpsApplication [traceId=, spanId=] - Starting LmpsApplication using Java 17.0.6 with PID 45778 (/Users/thavisoukkhounlasapiphak/Desktop/EXTERNAL_PROJECT/API_GATEWAY_LBB/source_code/backend/lmpsService/target/classes started by thavisoukkhounlasapiphak in /Users/thavisoukkhounlasapiphak/Desktop/EXTERNAL_PROJECT/API_GATEWAY_LBB/source_code/backend/lmpsService)
2026-03-13 15:48:36 [main] INFO  com.lbb.lmps.LmpsApplication [traceId=, spanId=] - The following 1 profile is active: "uat"
2026-03-13 15:48:36 [main] INFO  org.springframework.data.repository.config.RepositoryConfigurationDelegate [traceId=, spanId=] - Bootstrapping Spring Data JPA repositories in DEFAULT mode.
2026-03-13 15:48:36 [main] INFO  org.springframework.data.repository.config.RepositoryConfigurationDelegate [traceId=, spanId=] - Finished Spring Data repository scanning in 6 ms. Found 0 JPA repository interfaces.
2026-03-13 15:48:36 [main] INFO  org.springframework.boot.web.embedded.tomcat.TomcatWebServer [traceId=, spanId=] - Tomcat initialized with port 8084 (http)
2026-03-13 15:48:36 [main] INFO  org.apache.coyote.http11.Http11NioProtocol [traceId=, spanId=] - Initializing ProtocolHandler ["http-nio-8084"]
2026-03-13 15:48:36 [main] INFO  org.apache.catalina.core.StandardService [traceId=, spanId=] - Starting service [Tomcat]
2026-03-13 15:48:36 [main] INFO  org.apache.catalina.core.StandardEngine [traceId=, spanId=] - Starting Servlet engine: [Apache Tomcat/10.1.34]
2026-03-13 15:48:36 [main] INFO  org.apache.catalina.core.ContainerBase.[Tomcat].[localhost].[/] [traceId=, spanId=] - Initializing Spring embedded WebApplicationContext
2026-03-13 15:48:36 [main] INFO  org.springframework.boot.web.servlet.context.ServletWebServerApplicationContext [traceId=, spanId=] - Root WebApplicationContext: initialization completed in 558 ms
2026-03-13 15:48:36 [main] WARN  org.springframework.boot.web.servlet.context.AnnotationConfigServletWebServerApplicationContext [traceId=, spanId=] - Exception encountered during context initialization - cancelling refresh attempt: org.springframework.beans.factory.BeanCreationException: Error creating bean with name 'entityManagerFactory' defined in class path resource [org/springframework/boot/autoconfigure/orm/jpa/HibernateJpaConfiguration.class]: Failed to initialize dependency 'dataSourceScriptDatabaseInitializer' of LoadTimeWeaverAware bean 'entityManagerFactory': Error creating bean with name 'dataSourceScriptDatabaseInitializer' defined in class path resource [org/springframework/boot/autoconfigure/sql/init/DataSourceInitializationConfiguration.class]: Unsatisfied dependency expressed through method 'dataSourceScriptDatabaseInitializer' parameter 0: Error creating bean with name 'dataSource' defined in class path resource [org/springframework/boot/autoconfigure/jdbc/DataSourceConfiguration$Hikari.class]: Failed to instantiate [com.zaxxer.hikari.HikariDataSource]: Factory method 'dataSource' threw exception with message: Failed to determine a suitable driver class
2026-03-13 15:48:36 [main] INFO  org.apache.catalina.core.StandardService [traceId=, spanId=] - Stopping service [Tomcat]
2026-03-13 15:48:36 [main] INFO  org.springframework.boot.autoconfigure.logging.ConditionEvaluationReportLogger [traceId=, spanId=] - 

Error starting ApplicationContext. To display the condition evaluation report re-run your application with 'debug' enabled.
2026-03-13 15:48:36 [main] ERROR org.springframework.boot.diagnostics.LoggingFailureAnalysisReporter [traceId=, spanId=] - 

***************************
APPLICATION FAILED TO START
***************************

Description:

Failed to configure a DataSource: 'url' attribute is not specified and no embedded datasource could be configured.

Reason: Failed to determine a suitable driver class


Action:

Consider the following:
	If you want an embedded database (H2, HSQL or Derby), please put it on the classpath.
	If you have database settings to be loaded from a particular profile you may need to activate it (the profiles uat are currently active).

2026-03-13 15:51:02 [main] INFO  com.lbb.lmps.LmpsApplication [traceId=, spanId=] - Starting LmpsApplication using Java 17.0.6 with PID 45906 (/Users/thavisoukkhounlasapiphak/Desktop/EXTERNAL_PROJECT/API_GATEWAY_LBB/source_code/backend/lmpsService/target/classes started by thavisoukkhounlasapiphak in /Users/thavisoukkhounlasapiphak/Desktop/EXTERNAL_PROJECT/API_GATEWAY_LBB/source_code/backend/lmpsService)
2026-03-13 15:51:02 [main] INFO  com.lbb.lmps.LmpsApplication [traceId=, spanId=] - The following 1 profile is active: "uat"
2026-03-13 15:51:02 [main] INFO  org.springframework.boot.web.embedded.tomcat.TomcatWebServer [traceId=, spanId=] - Tomcat initialized with port 8084 (http)
2026-03-13 15:51:02 [main] INFO  org.apache.coyote.http11.Http11NioProtocol [traceId=, spanId=] - Initializing ProtocolHandler ["http-nio-8084"]
2026-03-13 15:51:02 [main] INFO  org.apache.catalina.core.StandardService [traceId=, spanId=] - Starting service [Tomcat]
2026-03-13 15:51:02 [main] INFO  org.apache.catalina.core.StandardEngine [traceId=, spanId=] - Starting Servlet engine: [Apache Tomcat/10.1.34]
2026-03-13 15:51:02 [main] INFO  org.apache.catalina.core.ContainerBase.[Tomcat].[localhost].[/] [traceId=, spanId=] - Initializing Spring embedded WebApplicationContext
2026-03-13 15:51:02 [main] INFO  org.springframework.boot.web.servlet.context.ServletWebServerApplicationContext [traceId=, spanId=] - Root WebApplicationContext: initialization completed in 507 ms
2026-03-13 15:51:02 [main] WARN  org.springframework.boot.autoconfigure.security.servlet.UserDetailsServiceAutoConfiguration [traceId=, spanId=] - 

Using generated security password: 5e786d00-b187-49dd-a388-0a5a9a39818a

This generated password is for development use only. Your security configuration must be updated before running your application in production.

2026-03-13 15:51:02 [main] INFO  org.springframework.security.config.annotation.authentication.configuration.InitializeUserDetailsBeanManagerConfigurer$InitializeUserDetailsManagerConfigurer [traceId=, spanId=] - Global AuthenticationManager configured with UserDetailsService bean with name inMemoryUserDetailsManager
2026-03-13 15:51:02 [main] INFO  org.apache.coyote.http11.Http11NioProtocol [traceId=, spanId=] - Starting ProtocolHandler ["http-nio-8084"]
2026-03-13 15:51:02 [main] INFO  org.springframework.boot.web.embedded.tomcat.TomcatWebServer [traceId=, spanId=] - Tomcat started on port 8084 (http) with context path '/'
2026-03-13 15:51:02 [main] INFO  com.lbb.lmps.LmpsApplication [traceId=, spanId=] - Started LmpsApplication in 0.994 seconds (process running for 1.438)
2026-03-13 15:51:11 [SpringApplicationShutdownHook] INFO  org.springframework.boot.web.embedded.tomcat.GracefulShutdown [traceId=, spanId=] - Commencing graceful shutdown. Waiting for active requests to complete
2026-03-13 15:51:11 [tomcat-shutdown] INFO  org.springframework.boot.web.embedded.tomcat.GracefulShutdown [traceId=, spanId=] - Graceful shutdown complete
2026-03-13 15:55:53 [main] INFO  com.lbb.lmps.LmpsApplication [traceId=, spanId=] - Starting LmpsApplication using Java 17.0.6 with PID 46175 (/Users/thavisoukkhounlasapiphak/Desktop/EXTERNAL_PROJECT/API_GATEWAY_LBB/source_code/backend/lmpsService/target/classes started by thavisoukkhounlasapiphak in /Users/thavisoukkhounlasapiphak/Desktop/EXTERNAL_PROJECT/API_GATEWAY_LBB/source_code/backend/lmpsService)
2026-03-13 15:55:53 [main] INFO  com.lbb.lmps.LmpsApplication [traceId=, spanId=] - The following 1 profile is active: "uat"
2026-03-13 15:55:54 [main] INFO  org.springframework.boot.web.embedded.tomcat.TomcatWebServer [traceId=, spanId=] - Tomcat initialized with port 8084 (http)
2026-03-13 15:55:54 [main] INFO  org.apache.coyote.http11.Http11NioProtocol [traceId=, spanId=] - Initializing ProtocolHandler ["http-nio-8084"]
2026-03-13 15:55:54 [main] INFO  org.apache.catalina.core.StandardService [traceId=, spanId=] - Starting service [Tomcat]
2026-03-13 15:55:54 [main] INFO  org.apache.catalina.core.StandardEngine [traceId=, spanId=] - Starting Servlet engine: [Apache Tomcat/10.1.34]
2026-03-13 15:55:54 [main] INFO  org.apache.catalina.core.ContainerBase.[Tomcat].[localhost].[/] [traceId=, spanId=] - Initializing Spring embedded WebApplicationContext
2026-03-13 15:55:54 [main] INFO  org.springframework.boot.web.servlet.context.ServletWebServerApplicationContext [traceId=, spanId=] - Root WebApplicationContext: initialization completed in 493 ms
2026-03-13 15:55:54 [main] WARN  org.springframework.boot.autoconfigure.security.servlet.UserDetailsServiceAutoConfiguration [traceId=, spanId=] - 

Using generated security password: 145bbc19-c857-40a0-a506-a45aa2bd3471

This generated password is for development use only. Your security configuration must be updated before running your application in production.

2026-03-13 15:55:54 [main] INFO  org.springframework.security.config.annotation.authentication.configuration.InitializeUserDetailsBeanManagerConfigurer$InitializeUserDetailsManagerConfigurer [traceId=, spanId=] - Global AuthenticationManager configured with UserDetailsService bean with name inMemoryUserDetailsManager
2026-03-13 15:55:54 [main] INFO  org.apache.coyote.http11.Http11NioProtocol [traceId=, spanId=] - Starting ProtocolHandler ["http-nio-8084"]
2026-03-13 15:55:54 [main] INFO  org.springframework.boot.web.embedded.tomcat.TomcatWebServer [traceId=, spanId=] - Tomcat started on port 8084 (http) with context path '/'
2026-03-13 15:55:54 [main] INFO  com.lbb.lmps.LmpsApplication [traceId=, spanId=] - Started LmpsApplication in 0.964 seconds (process running for 1.317)
2026-03-13 15:56:01 [SpringApplicationShutdownHook] INFO  org.springframework.boot.web.embedded.tomcat.GracefulShutdown [traceId=, spanId=] - Commencing graceful shutdown. Waiting for active requests to complete
2026-03-13 15:56:01 [tomcat-shutdown] INFO  org.springframework.boot.web.embedded.tomcat.GracefulShutdown [traceId=, spanId=] - Graceful shutdown complete
